<?xml version="1.0" encoding="UTF-8"?>
<!-- Generated by org.testng.reporters.JUnitReportReporter -->
<testsuite skipped="0" hostname="DESKTOP-MMCCJ5V" name="Logintest.LoginTest" tests="1" failures="0" timestamp="12 May 2022 04:08:35 GMT" time="5.666" errors="0">
  <testcase name="login" time="5.666" classname="Logintest.LoginTest"/>
</testsuite> <!-- Logintest.LoginTest -->
