<?xml version="1.0" encoding="UTF-8"?>
<!-- Generated by org.testng.reporters.JUnitReportReporter -->
<testsuite skipped="0" hostname="DESKTOP-MMCCJ5V" name="Logintest.load" tests="1" failures="0" timestamp="16 May 2022 09:58:47 GMT" time="53.427" errors="0">
  <testcase name="LoadTime" time="53.427" classname="Logintest.load"/>
</testsuite> <!-- Logintest.load -->
