<?xml version="1.0" encoding="UTF-8"?>
<!-- Generated by org.testng.reporters.JUnitReportReporter -->
<testsuite skipped="0" hostname="DESKTOP-MMCCJ5V" name="Tests.LoginTest" tests="1" failures="0" timestamp="16 May 2022 13:58:43 GMT" time="21.790" errors="0">
  <testcase name="Login" time="21.790" classname="Tests.LoginTest"/>
</testsuite> <!-- Tests.LoginTest -->
