<?xml version="1.0" encoding="UTF-8"?>
<!-- Generated by org.testng.reporters.JUnitReportReporter -->
<testsuite skipped="0" hostname="DESKTOP-MMCCJ5V" name="Logintest.Logintest2" tests="5" failures="0" timestamp="16 May 2022 09:58:47 GMT" time="83.199" errors="0">
  <testcase name="FisCheckoutCart" time="22.292" classname="Logintest.Logintest2"/>
  <testcase name="CPSstg2heritageplusRainBird" time="15.956" classname="Logintest.Logintest2"/>
  <testcase name="FisCheckout" time="19.149" classname="Logintest.Logintest2"/>
  <testcase name="fisstg2heritageplus" time="15.100" classname="Logintest.Logintest2"/>
  <testcase name="CPSstg2heritageplusSpray" time="10.702" classname="Logintest.Logintest2"/>
</testsuite> <!-- Logintest.Logintest2 -->
