<?xml version="1.0" encoding="UTF-8"?>
<!-- Generated by org.testng.reporters.JUnitReportReporter -->
<testsuite skipped="0" hostname="DESKTOP-MMCCJ5V" name="Logintest.LoginTest" tests="6" failures="0" timestamp="16 May 2022 09:58:47 GMT" time="92.680" errors="0">
  <testcase name="FIS" time="13.845" classname="Logintest.LoginTest"/>
  <testcase name="FisShopProduct" time="12.892" classname="Logintest.LoginTest"/>
  <testcase name="CPS" time="19.231" classname="Logintest.LoginTest"/>
  <testcase name="Heritageplus" time="18.257" classname="Logintest.LoginTest"/>
  <testcase name="FisShopProduct1" time="15.001" classname="Logintest.LoginTest"/>
  <testcase name="Heritagepoolplus" time="13.454" classname="Logintest.LoginTest"/>
</testsuite> <!-- Logintest.LoginTest -->
