<?xml version="1.0" encoding="UTF-8"?>
<!-- Generated by org.testng.reporters.JUnitReportReporter -->
<testsuite hostname="L295-W-MARIRAJP" failures="0" tests="1" name="Or.kal.CheckoutFlowTest" time="9.031" errors="0" timestamp="2022-03-22T11:55:01 IST" skipped="0">
  <testcase classname="Or.kal.CheckoutFlowTest" name="checkoutFlowAdmin" time="9.031"/>
  <system-out/>
</testsuite> <!-- Or.kal.CheckoutFlowTest -->
