<?xml version="1.0" encoding="UTF-8"?>
<!-- Generated by org.testng.reporters.JUnitReportReporter -->
<testsuite hostname="L295-W-MARIRAJP" failures="0" tests="1" name="Or.kal.javv" time="2.146" errors="0" timestamp="17 Mar 2022 10:51:16 GMT" skipped="0">
  <testcase classname="Or.kal.javv" name="ma" time="2.146"/>
</testsuite> <!-- Or.kal.javv -->
